[debug] [2018-01-03T19:07:41.079Z] ----------------------------------------------------------------------
[debug] [2018-01-03T19:07:41.082Z] Command:       /usr/local/bin/node /usr/local/bin/firebase deploy
[debug] [2018-01-03T19:07:41.082Z] CLI Version:   3.16.0
[debug] [2018-01-03T19:07:41.082Z] Platform:      darwin
[debug] [2018-01-03T19:07:41.082Z] Node Version:  v8.9.3
[debug] [2018-01-03T19:07:41.083Z] Time:          Wed Jan 03 2018 21:07:41 GMT+0200 (EET)
[debug] [2018-01-03T19:07:41.083Z] ----------------------------------------------------------------------
[debug] 
[debug] [2018-01-03T19:07:41.095Z] > command requires scopes: ["email","openid","https://www.googleapis.com/auth/cloudplatformprojects.readonly","https://www.googleapis.com/auth/firebase","https://www.googleapis.com/auth/cloud-platform"]
[debug] [2018-01-03T19:07:41.096Z] > authorizing via signed-in user
[debug] [2018-01-03T19:07:41.097Z] > refreshing access token with scopes: ["email","https://www.googleapis.com/auth/cloud-platform","https://www.googleapis.com/auth/cloudplatformprojects.readonly","https://www.googleapis.com/auth/firebase","openid"]
[debug] [2018-01-03T19:07:41.098Z] >>> HTTP REQUEST POST https://www.googleapis.com/oauth2/v3/token  
 { refresh_token: '1/2qMtDWfafivjR5hYD3jodvNdCsAESKJWCuxlNneY-3U',
  client_id: '563584335869-fgrhgmd47bqnekij5i8b5pr03ho849e6.apps.googleusercontent.com',
  client_secret: 'j9iVZfS8kkCEFUPaAeJV0sAi',
  grant_type: 'refresh_token',
  scope: 'email https://www.googleapis.com/auth/cloud-platform https://www.googleapis.com/auth/cloudplatformprojects.readonly https://www.googleapis.com/auth/firebase openid' } 
 Wed Jan 03 2018 21:07:41 GMT+0200 (EET)
[debug] [2018-01-03T19:07:41.999Z] <<< HTTP RESPONSE 200
[debug] [2018-01-03T19:07:42.019Z] >>> HTTP REQUEST GET https://admin.firebase.com/v1/projects/checkout-redesign-89a9e  
  
 Wed Jan 03 2018 21:07:42 GMT+0200 (EET)
[debug] [2018-01-03T19:07:43.978Z] <<< HTTP RESPONSE 200
[debug] [2018-01-03T19:07:43.979Z] >>> HTTP REQUEST GET https://admin.firebase.com/v1/database/checkout-redesign-89a9e/tokens  
  
 Wed Jan 03 2018 21:07:43 GMT+0200 (EET)
[debug] [2018-01-03T19:07:45.974Z] <<< HTTP RESPONSE 200
[info] 
[info] === Deploying to 'checkout-redesign-89a9e'...
[info] 
[info] i  deploying database, functions, hosting
[info] i  database: checking rules syntax...
[debug] [2018-01-03T19:07:46.988Z] >>> HTTP REQUEST PUT https://checkout-redesign-89a9e.firebaseio.com/.settings/rules.json?dryRun=true  
 {
  "rules": {
    ".read": "auth != null",
    ".write": "auth != null"
  }
}
 
 Wed Jan 03 2018 21:07:46 GMT+0200 (EET)
[debug] [2018-01-03T19:07:48.352Z] <<< HTTP RESPONSE 200
[info] ✔  database: rules syntax for database checkout-redesign-89a9e is valid
[debug] [2018-01-03T19:07:48.355Z] > [functions] package.json contents: {
  "name": "functions",
  "description": "Cloud Functions for Firebase",
  "dependencies": {
    "firebase-admin": "~4.2.1",
    "firebase-functions": "^0.5.7"
  },
  "private": true
}
[info] i  functions: ensuring necessary APIs are enabled...
[debug] [2018-01-03T19:07:48.356Z] >>> HTTP REQUEST GET https://servicemanagement.googleapis.com/v1/services/cloudfunctions.googleapis.com/projectSettings/checkout-redesign-89a9e?view=CONSUMER_VIEW  
  
 Wed Jan 03 2018 21:07:48 GMT+0200 (EET)
[debug] [2018-01-03T19:07:48.357Z] >>> HTTP REQUEST GET https://servicemanagement.googleapis.com/v1/services/runtimeconfig.googleapis.com/projectSettings/checkout-redesign-89a9e?view=CONSUMER_VIEW  
  
 Wed Jan 03 2018 21:07:48 GMT+0200 (EET)
[debug] [2018-01-03T19:07:50.115Z] <<< HTTP RESPONSE 200
[info] ✔  functions: all necessary APIs are enabled
[debug] [2018-01-03T19:07:50.920Z] <<< HTTP RESPONSE 200
[debug] [2018-01-03T19:07:50.921Z] >>> HTTP REQUEST GET https://appengine.googleapis.com/v1/apps/checkout-redesign-89a9e  
  
 Wed Jan 03 2018 21:07:50 GMT+0200 (EET)
[debug] [2018-01-03T19:07:50.922Z] >>> HTTP REQUEST GET https://apikeys.googleapis.com/v1/projects/checkout-redesign-89a9e/apiKeys  
  
 Wed Jan 03 2018 21:07:50 GMT+0200 (EET)
[debug] [2018-01-03T19:07:51.450Z] <<< HTTP RESPONSE 200
[debug] [2018-01-03T19:07:52.162Z] <<< HTTP RESPONSE 200
[info] i  functions: preparing functions directory for uploading...
[debug] [2018-01-03T19:07:53.588Z] >>> HTTP REQUEST GET https://runtimeconfig.googleapis.com/v1beta1/projects/checkout-redesign-89a9e/configs  
  
 Wed Jan 03 2018 21:07:53 GMT+0200 (EET)
[debug] [2018-01-03T19:07:55.211Z] <<< HTTP RESPONSE 200
[info] i  hosting: preparing dist directory for upload...
[debug] [2018-01-03T19:07:55.765Z] >>> HTTP REQUEST PUT https://deploy.firebase.com/v1/hosting/checkout-redesign-89a9e/uploads/-L1xQ1yIK_XgqhzcBgR_?fileCount=23&message=  
  
 Wed Jan 03 2018 21:07:55 GMT+0200 (EET)
